<?xml version="1.0" encoding="UTF-8"?>
<testsuite xmlns:xsi="http://www.w3.org/2001/XMLSchema-instance" xsi:noNamespaceSchemaLocation="https://maven.apache.org/surefire/maven-surefire-plugin/xsd/surefire-test-report.xsd" name="br.edu.ifpb.CalculadoraTest" time="0.063" tests="4" errors="0" skipped="0" failures="0">
  <properties>
[...]
</properties>
  <testcase name="subtrair" classname="br.edu.ifpb.CalculadoraTest" time="0"/>
  <testcase name="somar" classname="br.edu.ifpb.CalculadoraTest" time="0"/>
  <testcase name="multiplicar" classname="br.edu.ifpb.CalculadoraTest" time="0"/>
  <testcase name="dividir" classname="br.edu.ifpb.CalculadoraTest" time="0"/>
</testsuite>